[2018-08-19 09:04:38,667] INFO Kafka data directory is /home/sjayanta/IdeaProjects/hello/target/lagom-dynamic-projects/lagom-internal-meta-project-kafka/target/kafka_data. (com.lightbend.lagom.internal.kafka.KafkaLocalServer)
[2018-08-19 09:04:41,314] INFO KafkaConfig values: 
	advertised.host.name = null
	advertised.listeners = null
	advertised.port = null
	alter.config.policy.class.name = null
	authorizer.class.name = 
	auto.create.topics.enable = true
	auto.leader.rebalance.enable = true
	background.threads = 10
	broker.id = 0
	broker.id.generation.enable = true
	broker.rack = null
	compression.type = producer
	connections.max.idle.ms = 600000
	controlled.shutdown.enable = true
	controlled.shutdown.max.retries = 3
	controlled.shutdown.retry.backoff.ms = 5000
	controller.socket.timeout.ms = 30000
	create.topic.policy.class.name = null
	default.replication.factor = 1
	delete.records.purgatory.purge.interval.requests = 1
	delete.topic.enable = false
	fetch.purgatory.purge.interval.requests = 1000
	group.initial.rebalance.delay.ms = 3000
	group.max.session.timeout.ms = 300000
	group.min.session.timeout.ms = 6000
	host.name = 
	inter.broker.listener.name = null
	inter.broker.protocol.version = 0.11.0-IV2
	leader.imbalance.check.interval.seconds = 300
	leader.imbalance.per.broker.percentage = 10
	listener.security.protocol.map = SSL:SSL,SASL_PLAINTEXT:SASL_PLAINTEXT,TRACE:TRACE,SASL_SSL:SASL_SSL,PLAINTEXT:PLAINTEXT
	listeners = PLAINTEXT://:9092
	log.cleaner.backoff.ms = 15000
	log.cleaner.dedupe.buffer.size = 134217728
	log.cleaner.delete.retention.ms = 86400000
	log.cleaner.enable = true
	log.cleaner.io.buffer.load.factor = 0.9
	log.cleaner.io.buffer.size = 524288
	log.cleaner.io.max.bytes.per.second = 1.7976931348623157E308
	log.cleaner.min.cleanable.ratio = 0.5
	log.cleaner.min.compaction.lag.ms = 0
	log.cleaner.threads = 1
	log.cleanup.policy = [delete]
	log.dir = /tmp/kafka-logs
	log.dirs = /home/sjayanta/IdeaProjects/hello/target/lagom-dynamic-projects/lagom-internal-meta-project-kafka/target/kafka_data
	log.flush.interval.messages = 9223372036854775807
	log.flush.interval.ms = null
	log.flush.offset.checkpoint.interval.ms = 60000
	log.flush.scheduler.interval.ms = 9223372036854775807
	log.flush.start.offset.checkpoint.interval.ms = 60000
	log.index.interval.bytes = 4096
	log.index.size.max.bytes = 10485760
	log.message.format.version = 0.11.0-IV2
	log.message.timestamp.difference.max.ms = 9223372036854775807
	log.message.timestamp.type = CreateTime
	log.preallocate = false
	log.retention.bytes = -1
	log.retention.check.interval.ms = 300000
	log.retention.hours = 168
	log.retention.minutes = null
	log.retention.ms = null
	log.roll.hours = 168
	log.roll.jitter.hours = 0
	log.roll.jitter.ms = null
	log.roll.ms = null
	log.segment.bytes = 1073741824
	log.segment.delete.delay.ms = 60000
	max.connections.per.ip = 2147483647
	max.connections.per.ip.overrides = 
	message.max.bytes = 1000012
	metric.reporters = []
	metrics.num.samples = 2
	metrics.recording.level = INFO
	metrics.sample.window.ms = 30000
	min.insync.replicas = 1
	num.io.threads = 8
	num.network.threads = 3
	num.partitions = 1
	num.recovery.threads.per.data.dir = 1
	num.replica.fetchers = 1
	offset.metadata.max.bytes = 4096
	offsets.commit.required.acks = -1
	offsets.commit.timeout.ms = 5000
	offsets.load.buffer.size = 5242880
	offsets.retention.check.interval.ms = 600000
	offsets.retention.minutes = 1440
	offsets.topic.compression.codec = 0
	offsets.topic.num.partitions = 1
	offsets.topic.replication.factor = 1
	offsets.topic.segment.bytes = 104857600
	port = 9092
	principal.builder.class = class org.apache.kafka.common.security.auth.DefaultPrincipalBuilder
	producer.purgatory.purge.interval.requests = 1000
	queued.max.requests = 500
	quota.consumer.default = 9223372036854775807
	quota.producer.default = 9223372036854775807
	quota.window.num = 11
	quota.window.size.seconds = 1
	replica.fetch.backoff.ms = 1000
	replica.fetch.max.bytes = 1048576
	replica.fetch.min.bytes = 1
	replica.fetch.response.max.bytes = 10485760
	replica.fetch.wait.max.ms = 500
	replica.high.watermark.checkpoint.interval.ms = 5000
	replica.lag.time.max.ms = 10000
	replica.socket.receive.buffer.bytes = 65536
	replica.socket.timeout.ms = 30000
	replication.quota.window.num = 11
	replication.quota.window.size.seconds = 1
	request.timeout.ms = 30000
	reserved.broker.max.id = 1000
	sasl.enabled.mechanisms = [GSSAPI]
	sasl.kerberos.kinit.cmd = /usr/bin/kinit
	sasl.kerberos.min.time.before.relogin = 60000
	sasl.kerberos.principal.to.local.rules = [DEFAULT]
	sasl.kerberos.service.name = null
	sasl.kerberos.ticket.renew.jitter = 0.05
	sasl.kerberos.ticket.renew.window.factor = 0.8
	sasl.mechanism.inter.broker.protocol = GSSAPI
	security.inter.broker.protocol = PLAINTEXT
	socket.receive.buffer.bytes = 102400
	socket.request.max.bytes = 104857600
	socket.send.buffer.bytes = 102400
	ssl.cipher.suites = null
	ssl.client.auth = none
	ssl.enabled.protocols = [TLSv1.2, TLSv1.1, TLSv1]
	ssl.endpoint.identification.algorithm = null
	ssl.key.password = null
	ssl.keymanager.algorithm = SunX509
	ssl.keystore.location = null
	ssl.keystore.password = null
	ssl.keystore.type = JKS
	ssl.protocol = TLS
	ssl.provider = null
	ssl.secure.random.implementation = null
	ssl.trustmanager.algorithm = PKIX
	ssl.truststore.location = null
	ssl.truststore.password = null
	ssl.truststore.type = JKS
	transaction.abort.timed.out.transaction.cleanup.interval.ms = 60000
	transaction.max.timeout.ms = 900000
	transaction.remove.expired.transaction.cleanup.interval.ms = 3600000
	transaction.state.log.load.buffer.size = 5242880
	transaction.state.log.min.isr = 2
	transaction.state.log.num.partitions = 50
	transaction.state.log.replication.factor = 3
	transaction.state.log.segment.bytes = 104857600
	transactional.id.expiration.ms = 604800000
	unclean.leader.election.enable = false
	zookeeper.connect = localhost:2181
	zookeeper.connection.timeout.ms = 6000
	zookeeper.session.timeout.ms = 6000
	zookeeper.set.acl = false
	zookeeper.sync.time.ms = 2000
 (kafka.server.KafkaConfig)
[2018-08-19 09:04:43,596] INFO Zookeeper data directory is /home/sjayanta/IdeaProjects/hello/target/lagom-dynamic-projects/lagom-internal-meta-project-kafka/target/zookeeper_data. (com.lightbend.lagom.internal.kafka.KafkaLocalServer)
[2018-08-19 09:04:43,674] INFO Starting server (org.apache.zookeeper.server.ZooKeeperServerMain)
[2018-08-19 09:04:44,228] INFO Server environment:zookeeper.version=3.4.10-39d3a4f269333c922ed3db283be479f9deacaa0f, built on 03/23/2017 10:13 GMT (org.apache.zookeeper.server.ZooKeeperServer)
[2018-08-19 09:04:44,228] INFO Server environment:host.name=Jayanta (org.apache.zookeeper.server.ZooKeeperServer)
[2018-08-19 09:04:44,228] INFO Server environment:java.version=1.8.0_60 (org.apache.zookeeper.server.ZooKeeperServer)
[2018-08-19 09:04:44,228] INFO Server environment:java.vendor=Oracle Corporation (org.apache.zookeeper.server.ZooKeeperServer)
[2018-08-19 09:04:44,228] INFO Server environment:java.home=/usr/lib/jvm/jdk1.8.0_60/jre (org.apache.zookeeper.server.ZooKeeperServer)
[2018-08-19 09:04:44,228] INFO Server environment:java.class.path=/home/sjayanta/.sbt/boot/scala-2.12.6/lib/scala-library.jar:/home/sjayanta/.ivy2/cache/com.lightbend.lagom/lagom-kafka-server_2.12/jars/lagom-kafka-server_2.12-1.4.7.jar:/home/sjayanta/.ivy2/cache/org.apache.kafka/kafka_2.12/jars/kafka_2.12-0.11.0.1.jar:/home/sjayanta/.ivy2/cache/org.apache.kafka/kafka-clients/jars/kafka-clients-0.11.0.1.jar:/home/sjayanta/.ivy2/cache/net.jpountz.lz4/lz4/jars/lz4-1.3.0.jar:/home/sjayanta/.ivy2/cache/org.xerial.snappy/snappy-java/bundles/snappy-java-1.1.2.6.jar:/home/sjayanta/.ivy2/cache/org.slf4j/slf4j-api/jars/slf4j-api-1.7.25.jar:/home/sjayanta/.ivy2/cache/net.sf.jopt-simple/jopt-simple/jars/jopt-simple-5.0.3.jar:/home/sjayanta/.ivy2/cache/com.yammer.metrics/metrics-core/jars/metrics-core-2.2.0.jar:/home/sjayanta/.ivy2/cache/org.slf4j/slf4j-log4j12/jars/slf4j-log4j12-1.7.25.jar:/home/sjayanta/.ivy2/cache/log4j/log4j/bundles/log4j-1.2.17.jar:/home/sjayanta/.ivy2/cache/com.101tec/zkclient/jars/zkclient-0.10.jar:/home/sjayanta/.ivy2/cache/org.apache.zookeeper/zookeeper/jars/zookeeper-3.4.10.jar:/home/sjayanta/.ivy2/cache/org.scala-lang.modules/scala-parser-combinators_2.12/bundles/scala-parser-combinators_2.12-1.0.4.jar:/home/sjayanta/.ivy2/cache/org.apache.curator/curator-framework/bundles/curator-framework-2.10.0.jar:/home/sjayanta/.ivy2/cache/org.apache.curator/curator-client/bundles/curator-client-2.10.0.jar:/home/sjayanta/.ivy2/cache/com.google.guava/guava/bundles/guava-16.0.1.jar:/home/sjayanta/.ivy2/cache/org.apache.curator/curator-test/jars/curator-test-2.10.0.jar:/home/sjayanta/.ivy2/cache/org.javassist/javassist/bundles/javassist-3.21.0-GA.jar:/home/sjayanta/.ivy2/cache/org.apache.commons/commons-math/jars/commons-math-2.2.jar:/home/sjayanta/.ivy2/cache/org.scala-lang.modules/scala-java8-compat_2.12/bundles/scala-java8-compat_2.12-0.8.0.jar (org.apache.zookeeper.server.ZooKeeperServer)
[2018-08-19 09:04:44,228] INFO Server environment:java.library.path=/usr/java/packages/lib/amd64:/usr/lib64:/lib64:/lib:/usr/lib (org.apache.zookeeper.server.ZooKeeperServer)
[2018-08-19 09:04:44,228] INFO Server environment:java.io.tmpdir=/tmp (org.apache.zookeeper.server.ZooKeeperServer)
[2018-08-19 09:04:44,228] INFO Server environment:java.compiler=<NA> (org.apache.zookeeper.server.ZooKeeperServer)
[2018-08-19 09:04:44,228] INFO Server environment:os.name=Linux (org.apache.zookeeper.server.ZooKeeperServer)
[2018-08-19 09:04:44,228] INFO Server environment:os.arch=amd64 (org.apache.zookeeper.server.ZooKeeperServer)
[2018-08-19 09:04:44,228] INFO Server environment:os.version=4.4.0-133-generic (org.apache.zookeeper.server.ZooKeeperServer)
[2018-08-19 09:04:44,228] INFO Server environment:user.name=sjayanta (org.apache.zookeeper.server.ZooKeeperServer)
[2018-08-19 09:04:44,228] INFO Server environment:user.home=/home/sjayanta (org.apache.zookeeper.server.ZooKeeperServer)
[2018-08-19 09:04:44,228] INFO Server environment:user.dir=/home/sjayanta/IdeaProjects/hello (org.apache.zookeeper.server.ZooKeeperServer)
[2018-08-19 09:04:44,308] INFO tickTime set to 3000 (org.apache.zookeeper.server.ZooKeeperServer)
[2018-08-19 09:04:44,308] INFO minSessionTimeout set to -1 (org.apache.zookeeper.server.ZooKeeperServer)
[2018-08-19 09:04:44,308] INFO maxSessionTimeout set to -1 (org.apache.zookeeper.server.ZooKeeperServer)
[2018-08-19 09:04:44,570] INFO binding to port 0.0.0.0/0.0.0.0:2181 (org.apache.zookeeper.server.NIOServerCnxnFactory)
[2018-08-19 09:04:46,076] INFO starting (kafka.server.KafkaServer)
[2018-08-19 09:04:46,109] INFO Connecting to zookeeper on localhost:2181 (kafka.server.KafkaServer)
[2018-08-19 09:04:46,153] INFO Starting ZkClient event thread. (org.I0Itec.zkclient.ZkEventThread)
[2018-08-19 09:04:46,155] INFO Client environment:zookeeper.version=3.4.10-39d3a4f269333c922ed3db283be479f9deacaa0f, built on 03/23/2017 10:13 GMT (org.apache.zookeeper.ZooKeeper)
[2018-08-19 09:04:46,155] INFO Client environment:host.name=Jayanta (org.apache.zookeeper.ZooKeeper)
[2018-08-19 09:04:46,156] INFO Client environment:java.version=1.8.0_60 (org.apache.zookeeper.ZooKeeper)
[2018-08-19 09:04:46,156] INFO Client environment:java.vendor=Oracle Corporation (org.apache.zookeeper.ZooKeeper)
[2018-08-19 09:04:46,156] INFO Client environment:java.home=/usr/lib/jvm/jdk1.8.0_60/jre (org.apache.zookeeper.ZooKeeper)
[2018-08-19 09:04:46,156] INFO Client environment:java.class.path=/home/sjayanta/.sbt/boot/scala-2.12.6/lib/scala-library.jar:/home/sjayanta/.ivy2/cache/com.lightbend.lagom/lagom-kafka-server_2.12/jars/lagom-kafka-server_2.12-1.4.7.jar:/home/sjayanta/.ivy2/cache/org.apache.kafka/kafka_2.12/jars/kafka_2.12-0.11.0.1.jar:/home/sjayanta/.ivy2/cache/org.apache.kafka/kafka-clients/jars/kafka-clients-0.11.0.1.jar:/home/sjayanta/.ivy2/cache/net.jpountz.lz4/lz4/jars/lz4-1.3.0.jar:/home/sjayanta/.ivy2/cache/org.xerial.snappy/snappy-java/bundles/snappy-java-1.1.2.6.jar:/home/sjayanta/.ivy2/cache/org.slf4j/slf4j-api/jars/slf4j-api-1.7.25.jar:/home/sjayanta/.ivy2/cache/net.sf.jopt-simple/jopt-simple/jars/jopt-simple-5.0.3.jar:/home/sjayanta/.ivy2/cache/com.yammer.metrics/metrics-core/jars/metrics-core-2.2.0.jar:/home/sjayanta/.ivy2/cache/org.slf4j/slf4j-log4j12/jars/slf4j-log4j12-1.7.25.jar:/home/sjayanta/.ivy2/cache/log4j/log4j/bundles/log4j-1.2.17.jar:/home/sjayanta/.ivy2/cache/com.101tec/zkclient/jars/zkclient-0.10.jar:/home/sjayanta/.ivy2/cache/org.apache.zookeeper/zookeeper/jars/zookeeper-3.4.10.jar:/home/sjayanta/.ivy2/cache/org.scala-lang.modules/scala-parser-combinators_2.12/bundles/scala-parser-combinators_2.12-1.0.4.jar:/home/sjayanta/.ivy2/cache/org.apache.curator/curator-framework/bundles/curator-framework-2.10.0.jar:/home/sjayanta/.ivy2/cache/org.apache.curator/curator-client/bundles/curator-client-2.10.0.jar:/home/sjayanta/.ivy2/cache/com.google.guava/guava/bundles/guava-16.0.1.jar:/home/sjayanta/.ivy2/cache/org.apache.curator/curator-test/jars/curator-test-2.10.0.jar:/home/sjayanta/.ivy2/cache/org.javassist/javassist/bundles/javassist-3.21.0-GA.jar:/home/sjayanta/.ivy2/cache/org.apache.commons/commons-math/jars/commons-math-2.2.jar:/home/sjayanta/.ivy2/cache/org.scala-lang.modules/scala-java8-compat_2.12/bundles/scala-java8-compat_2.12-0.8.0.jar (org.apache.zookeeper.ZooKeeper)
[2018-08-19 09:04:46,156] INFO Client environment:java.library.path=/usr/java/packages/lib/amd64:/usr/lib64:/lib64:/lib:/usr/lib (org.apache.zookeeper.ZooKeeper)
[2018-08-19 09:04:46,156] INFO Client environment:java.io.tmpdir=/tmp (org.apache.zookeeper.ZooKeeper)
[2018-08-19 09:04:46,156] INFO Client environment:java.compiler=<NA> (org.apache.zookeeper.ZooKeeper)
[2018-08-19 09:04:46,156] INFO Client environment:os.name=Linux (org.apache.zookeeper.ZooKeeper)
[2018-08-19 09:04:46,156] INFO Client environment:os.arch=amd64 (org.apache.zookeeper.ZooKeeper)
[2018-08-19 09:04:46,156] INFO Client environment:os.version=4.4.0-133-generic (org.apache.zookeeper.ZooKeeper)
[2018-08-19 09:04:46,156] INFO Client environment:user.name=sjayanta (org.apache.zookeeper.ZooKeeper)
[2018-08-19 09:04:46,156] INFO Client environment:user.home=/home/sjayanta (org.apache.zookeeper.ZooKeeper)
[2018-08-19 09:04:46,156] INFO Client environment:user.dir=/home/sjayanta/IdeaProjects/hello (org.apache.zookeeper.ZooKeeper)
[2018-08-19 09:04:46,156] INFO Initiating client connection, connectString=localhost:2181 sessionTimeout=6000 watcher=org.I0Itec.zkclient.ZkClient@7ed7259e (org.apache.zookeeper.ZooKeeper)
[2018-08-19 09:04:46,212] INFO Waiting for keeper state SyncConnected (org.I0Itec.zkclient.ZkClient)
[2018-08-19 09:04:46,214] INFO Opening socket connection to server localhost/127.0.0.1:2181. Will not attempt to authenticate using SASL (unknown error) (org.apache.zookeeper.ClientCnxn)
[2018-08-19 09:04:46,218] INFO Socket connection established to localhost/127.0.0.1:2181, initiating session (org.apache.zookeeper.ClientCnxn)
[2018-08-19 09:04:46,218] INFO Accepted socket connection from /127.0.0.1:36346 (org.apache.zookeeper.server.NIOServerCnxnFactory)
[2018-08-19 09:04:46,222] INFO Client attempting to establish new session at /127.0.0.1:36346 (org.apache.zookeeper.server.ZooKeeperServer)
[2018-08-19 09:04:46,223] INFO Creating new log file: log.23 (org.apache.zookeeper.server.persistence.FileTxnLog)
[2018-08-19 09:04:46,368] INFO Established session 0x1655249adf10000 with negotiated timeout 6000 for client /127.0.0.1:36346 (org.apache.zookeeper.server.ZooKeeperServer)
[2018-08-19 09:04:46,368] INFO Session establishment complete on server localhost/127.0.0.1:2181, sessionid = 0x1655249adf10000, negotiated timeout = 6000 (org.apache.zookeeper.ClientCnxn)
[2018-08-19 09:04:46,369] INFO zookeeper state changed (SyncConnected) (org.I0Itec.zkclient.ZkClient)
[2018-08-19 09:04:46,802] INFO Cluster ID = AazMMOnbR_iY9Kn2zLAEcw (kafka.server.KafkaServer)
[2018-08-19 09:04:47,168] INFO [ThrottledRequestReaper-Fetch]: Starting (kafka.server.ClientQuotaManager$ThrottledRequestReaper)
[2018-08-19 09:04:47,168] INFO [ThrottledRequestReaper-Produce]: Starting (kafka.server.ClientQuotaManager$ThrottledRequestReaper)
[2018-08-19 09:04:47,169] INFO [ThrottledRequestReaper-Request]: Starting (kafka.server.ClientQuotaManager$ThrottledRequestReaper)
[2018-08-19 09:04:47,619] INFO Loading logs. (kafka.log.LogManager)
[2018-08-19 09:04:47,648] INFO Logs loading complete in 29 ms. (kafka.log.LogManager)
[2018-08-19 09:04:48,091] INFO Starting log cleanup with a period of 300000 ms. (kafka.log.LogManager)
[2018-08-19 09:04:48,096] INFO Starting log flusher with a default period of 9223372036854775807 ms. (kafka.log.LogManager)
[2018-08-19 09:04:48,327] INFO Awaiting socket connections on 0.0.0.0:9092. (kafka.network.Acceptor)
[2018-08-19 09:04:48,330] INFO [Socket Server on Broker 0], Started 1 acceptor threads (kafka.network.SocketServer)
[2018-08-19 09:04:48,353] INFO [ExpirationReaper-0-Produce]: Starting (kafka.server.DelayedOperationPurgatory$ExpiredOperationReaper)
[2018-08-19 09:04:48,355] INFO [ExpirationReaper-0-Fetch]: Starting (kafka.server.DelayedOperationPurgatory$ExpiredOperationReaper)
[2018-08-19 09:04:48,356] INFO [ExpirationReaper-0-DeleteRecords]: Starting (kafka.server.DelayedOperationPurgatory$ExpiredOperationReaper)
[2018-08-19 09:04:48,846] INFO [ExpirationReaper-0-topic]: Starting (kafka.server.DelayedOperationPurgatory$ExpiredOperationReaper)
[2018-08-19 09:04:48,854] INFO [ExpirationReaper-0-Heartbeat]: Starting (kafka.server.DelayedOperationPurgatory$ExpiredOperationReaper)
[2018-08-19 09:04:48,855] INFO [ExpirationReaper-0-Rebalance]: Starting (kafka.server.DelayedOperationPurgatory$ExpiredOperationReaper)
[2018-08-19 09:04:48,874] INFO [GroupCoordinator 0]: Starting up. (kafka.coordinator.group.GroupCoordinator)
[2018-08-19 09:04:48,875] INFO [GroupCoordinator 0]: Startup complete. (kafka.coordinator.group.GroupCoordinator)
[2018-08-19 09:04:48,877] INFO [Group Metadata Manager on Broker 0]: Removed 0 expired offsets in 2 milliseconds. (kafka.coordinator.group.GroupMetadataManager)
[2018-08-19 09:04:48,976] INFO [ProducerId Manager 0]: Acquired new producerId block (brokerId:0,blockStartProducerId:2000,blockEndProducerId:2999) by writing to Zk with path version 3 (kafka.coordinator.transaction.ProducerIdManager)
[2018-08-19 09:04:49,123] INFO [Transaction Coordinator 0]: Starting up. (kafka.coordinator.transaction.TransactionCoordinator)
[2018-08-19 09:04:49,125] INFO [Transaction Marker Channel Manager 0]: Starting (kafka.coordinator.transaction.TransactionMarkerChannelManager)
[2018-08-19 09:04:49,125] INFO [Transaction Coordinator 0]: Startup complete. (kafka.coordinator.transaction.TransactionCoordinator)
[2018-08-19 09:04:49,256] INFO Will not load MX4J, mx4j-tools.jar is not in the classpath (kafka.utils.Mx4jLoader$)
[2018-08-19 09:04:49,314] INFO Creating /brokers/ids/0 (is it secure? false) (kafka.utils.ZKCheckedEphemeral)
[2018-08-19 09:04:49,317] INFO Got user-level KeeperException when processing sessionid:0x1655249adf10000 type:create cxid:0x1c zxid:0x25 txntype:-1 reqpath:n/a Error Path:/brokers Error:KeeperErrorCode = NodeExists for /brokers (org.apache.zookeeper.server.PrepRequestProcessor)
[2018-08-19 09:04:49,317] INFO Got user-level KeeperException when processing sessionid:0x1655249adf10000 type:create cxid:0x1d zxid:0x26 txntype:-1 reqpath:n/a Error Path:/brokers/ids Error:KeeperErrorCode = NodeExists for /brokers/ids (org.apache.zookeeper.server.PrepRequestProcessor)
[2018-08-19 09:04:49,317] INFO Got user-level KeeperException when processing sessionid:0x1655249adf10000 type:create cxid:0x1e zxid:0x27 txntype:-1 reqpath:n/a Error Path:/brokers/ids/0 Error:KeeperErrorCode = NodeExists for /brokers/ids/0 (org.apache.zookeeper.server.PrepRequestProcessor)
[2018-08-19 09:04:49,352] INFO Result of znode creation is: NODEEXISTS (kafka.utils.ZKCheckedEphemeral)
[2018-08-19 09:04:49,353] FATAL [Kafka Server 0], Fatal error during KafkaServer startup. Prepare to shutdown (kafka.server.KafkaServer)
java.lang.RuntimeException: A broker is already registered on the path /brokers/ids/0. This probably indicates that you either have configured a brokerid that is already in use, or else you have shutdown this broker and restarted it faster than the zookeeper timeout so it appears to be re-registering.
	at kafka.utils.ZkUtils.registerBrokerInZk(ZkUtils.scala:420)
	at kafka.utils.ZkUtils.registerBrokerInZk(ZkUtils.scala:403)
	at kafka.server.KafkaHealthcheck.register(KafkaHealthcheck.scala:71)
	at kafka.server.KafkaHealthcheck.startup(KafkaHealthcheck.scala:50)
	at kafka.server.KafkaServer.startup(KafkaServer.scala:280)
	at kafka.server.KafkaServerStartable.startup(KafkaServerStartable.scala:38)
	at com.lightbend.lagom.internal.kafka.KafkaLocalServer.start(KafkaLocalServer.scala:38)
	at com.lightbend.lagom.internal.kafka.KafkaLauncher$.main(KafkaLauncher.scala:45)
	at com.lightbend.lagom.internal.kafka.KafkaLauncher.main(KafkaLauncher.scala)
[2018-08-19 09:04:49,355] INFO [Kafka Server 0], shutting down (kafka.server.KafkaServer)
[2018-08-19 09:04:49,357] INFO [Socket Server on Broker 0], Shutting down (kafka.network.SocketServer)
[2018-08-19 09:04:49,365] INFO [Socket Server on Broker 0], Shutdown completed (kafka.network.SocketServer)
[2018-08-19 09:04:49,365] INFO [Kafka Request Handler on Broker 0], shutting down (kafka.server.KafkaRequestHandlerPool)
[2018-08-19 09:04:49,405] INFO [Kafka Request Handler on Broker 0], shut down completely (kafka.server.KafkaRequestHandlerPool)
[2018-08-19 09:04:49,408] INFO [ThrottledRequestReaper-Fetch]: Shutting down (kafka.server.ClientQuotaManager$ThrottledRequestReaper)
[2018-08-19 09:04:50,169] INFO [ThrottledRequestReaper-Fetch]: Stopped (kafka.server.ClientQuotaManager$ThrottledRequestReaper)
[2018-08-19 09:04:50,169] INFO [ThrottledRequestReaper-Fetch]: Shutdown completed (kafka.server.ClientQuotaManager$ThrottledRequestReaper)
[2018-08-19 09:04:50,169] INFO [ThrottledRequestReaper-Produce]: Shutting down (kafka.server.ClientQuotaManager$ThrottledRequestReaper)
[2018-08-19 09:04:51,169] INFO [ThrottledRequestReaper-Produce]: Stopped (kafka.server.ClientQuotaManager$ThrottledRequestReaper)
[2018-08-19 09:04:51,169] INFO [ThrottledRequestReaper-Produce]: Shutdown completed (kafka.server.ClientQuotaManager$ThrottledRequestReaper)
[2018-08-19 09:04:51,169] INFO [ThrottledRequestReaper-Request]: Shutting down (kafka.server.ClientQuotaManager$ThrottledRequestReaper)
[2018-08-19 09:04:51,170] INFO [ThrottledRequestReaper-Request]: Stopped (kafka.server.ClientQuotaManager$ThrottledRequestReaper)
[2018-08-19 09:04:51,170] INFO [ThrottledRequestReaper-Request]: Shutdown completed (kafka.server.ClientQuotaManager$ThrottledRequestReaper)
[2018-08-19 09:04:51,170] INFO [KafkaApi-0] Shutdown complete. (kafka.server.KafkaApis)
[2018-08-19 09:04:51,171] INFO [ExpirationReaper-0-topic]: Shutting down (kafka.server.DelayedOperationPurgatory$ExpiredOperationReaper)
[2018-08-19 09:04:51,247] INFO [ExpirationReaper-0-topic]: Stopped (kafka.server.DelayedOperationPurgatory$ExpiredOperationReaper)
[2018-08-19 09:04:51,247] INFO [ExpirationReaper-0-topic]: Shutdown completed (kafka.server.DelayedOperationPurgatory$ExpiredOperationReaper)
[2018-08-19 09:04:51,250] INFO [Transaction Coordinator 0]: Shutting down. (kafka.coordinator.transaction.TransactionCoordinator)
[2018-08-19 09:04:51,250] INFO [ProducerId Manager 0]: Shutdown complete: last producerId assigned 2000 (kafka.coordinator.transaction.ProducerIdManager)
[2018-08-19 09:04:51,251] INFO [Transaction State Manager 0]: Shutdown complete (kafka.coordinator.transaction.TransactionStateManager)
[2018-08-19 09:04:51,251] INFO [Transaction Marker Channel Manager 0]: Shutting down (kafka.coordinator.transaction.TransactionMarkerChannelManager)
[2018-08-19 09:04:51,251] INFO [Transaction Marker Channel Manager 0]: Stopped (kafka.coordinator.transaction.TransactionMarkerChannelManager)
[2018-08-19 09:04:51,251] INFO [Transaction Marker Channel Manager 0]: Shutdown completed (kafka.coordinator.transaction.TransactionMarkerChannelManager)
[2018-08-19 09:04:51,252] INFO [Transaction Coordinator 0]: Shutdown complete. (kafka.coordinator.transaction.TransactionCoordinator)
[2018-08-19 09:04:51,252] INFO [GroupCoordinator 0]: Shutting down. (kafka.coordinator.group.GroupCoordinator)
[2018-08-19 09:04:51,252] INFO [ExpirationReaper-0-Heartbeat]: Shutting down (kafka.server.DelayedOperationPurgatory$ExpiredOperationReaper)
[2018-08-19 09:04:51,255] INFO [ExpirationReaper-0-Heartbeat]: Stopped (kafka.server.DelayedOperationPurgatory$ExpiredOperationReaper)
[2018-08-19 09:04:51,255] INFO [ExpirationReaper-0-Heartbeat]: Shutdown completed (kafka.server.DelayedOperationPurgatory$ExpiredOperationReaper)
[2018-08-19 09:04:51,255] INFO [ExpirationReaper-0-Rebalance]: Shutting down (kafka.server.DelayedOperationPurgatory$ExpiredOperationReaper)
[2018-08-19 09:04:51,257] INFO [ExpirationReaper-0-Rebalance]: Stopped (kafka.server.DelayedOperationPurgatory$ExpiredOperationReaper)
[2018-08-19 09:04:51,257] INFO [ExpirationReaper-0-Rebalance]: Shutdown completed (kafka.server.DelayedOperationPurgatory$ExpiredOperationReaper)
[2018-08-19 09:04:51,257] INFO [GroupCoordinator 0]: Shutdown complete. (kafka.coordinator.group.GroupCoordinator)
[2018-08-19 09:04:51,257] INFO [Replica Manager on Broker 0]: Shutting down (kafka.server.ReplicaManager)
[2018-08-19 09:04:51,258] INFO [ReplicaFetcherManager on broker 0] shutting down (kafka.server.ReplicaFetcherManager)
[2018-08-19 09:04:51,259] INFO [ReplicaFetcherManager on broker 0] shutdown completed (kafka.server.ReplicaFetcherManager)
[2018-08-19 09:04:51,259] INFO [ExpirationReaper-0-Fetch]: Shutting down (kafka.server.DelayedOperationPurgatory$ExpiredOperationReaper)
[2018-08-19 09:04:51,357] INFO [ExpirationReaper-0-Fetch]: Stopped (kafka.server.DelayedOperationPurgatory$ExpiredOperationReaper)
[2018-08-19 09:04:51,357] INFO [ExpirationReaper-0-Fetch]: Shutdown completed (kafka.server.DelayedOperationPurgatory$ExpiredOperationReaper)
[2018-08-19 09:04:51,357] INFO [ExpirationReaper-0-Produce]: Shutting down (kafka.server.DelayedOperationPurgatory$ExpiredOperationReaper)
[2018-08-19 09:04:51,555] INFO [ExpirationReaper-0-Produce]: Stopped (kafka.server.DelayedOperationPurgatory$ExpiredOperationReaper)
[2018-08-19 09:04:51,555] INFO [ExpirationReaper-0-Produce]: Shutdown completed (kafka.server.DelayedOperationPurgatory$ExpiredOperationReaper)
[2018-08-19 09:04:51,555] INFO [ExpirationReaper-0-DeleteRecords]: Shutting down (kafka.server.DelayedOperationPurgatory$ExpiredOperationReaper)
[2018-08-19 09:04:51,558] INFO [ExpirationReaper-0-DeleteRecords]: Stopped (kafka.server.DelayedOperationPurgatory$ExpiredOperationReaper)
[2018-08-19 09:04:51,558] INFO [ExpirationReaper-0-DeleteRecords]: Shutdown completed (kafka.server.DelayedOperationPurgatory$ExpiredOperationReaper)
[2018-08-19 09:04:51,562] INFO [Replica Manager on Broker 0]: Shut down completely (kafka.server.ReplicaManager)
[2018-08-19 09:04:51,562] INFO Shutting down. (kafka.log.LogManager)
[2018-08-19 09:04:51,569] INFO Shutdown complete. (kafka.log.LogManager)
[2018-08-19 09:04:51,575] INFO Terminate ZkClient event thread. (org.I0Itec.zkclient.ZkEventThread)
[2018-08-19 09:04:51,576] INFO Processed session termination for sessionid: 0x1655249adf10000 (org.apache.zookeeper.server.PrepRequestProcessor)
[2018-08-19 09:04:51,631] INFO Session: 0x1655249adf10000 closed (org.apache.zookeeper.ZooKeeper)
[2018-08-19 09:04:51,632] INFO Closed socket connection for client /127.0.0.1:36346 which had sessionid 0x1655249adf10000 (org.apache.zookeeper.server.NIOServerCnxn)
[2018-08-19 09:04:51,633] INFO EventThread shut down for session: 0x1655249adf10000 (org.apache.zookeeper.ClientCnxn)
[2018-08-19 09:04:51,635] INFO [Kafka Server 0], shut down completed (kafka.server.KafkaServer)
[2018-08-19 09:04:51,635] FATAL Exiting Kafka. (kafka.server.KafkaServerStartable)
[2018-08-19 09:04:51,637] INFO [Kafka Server 0], shutting down (kafka.server.KafkaServer)
[2018-08-19 09:04:51,637] INFO NIOServerCnxn factory exited run method (org.apache.zookeeper.server.NIOServerCnxnFactory)
[2018-08-19 09:04:51,638] INFO shutting down (org.apache.zookeeper.server.ZooKeeperServer)
[2018-08-19 09:04:51,638] INFO Shutting down (org.apache.zookeeper.server.SessionTrackerImpl)
[2018-08-19 09:04:51,638] INFO Shutting down (org.apache.zookeeper.server.PrepRequestProcessor)
[2018-08-19 09:04:51,638] INFO Shutting down (org.apache.zookeeper.server.SyncRequestProcessor)
[2018-08-19 09:04:51,638] INFO PrepRequestProcessor exited loop! (org.apache.zookeeper.server.PrepRequestProcessor)
[2018-08-19 09:04:51,638] INFO SyncRequestProcessor exited! (org.apache.zookeeper.server.SyncRequestProcessor)
[2018-08-19 09:04:51,638] INFO shutdown of request processor complete (org.apache.zookeeper.server.FinalRequestProcessor)
